# JRE version: 7.0_25-b17
# Java VM: Java HotSpot(TM) Client VM (23.25-b01 mixed mode windows-x86 )
Heap
 def new generation   total 314560K, used 57190K [0x04a50000, 0x19fa0000, 0x19fa0000)
  eden space 279616K,  20% used [0x04a50000, 0x08229a98, 0x15b60000)
  from space 34944K,   0% used [0x15b60000, 0x15b60000, 0x17d80000)
  to   space 34944K,   0% used [0x17d80000, 0x17d80000, 0x19fa0000)
 tenured generation   total 699072K, used 474473K [0x19fa0000, 0x44a50000, 0x44a50000)
   the space 699072K,  67% used [0x19fa0000, 0x36efa540, 0x36efa600, 0x44a50000)
 compacting perm gen  total 12288K, used 6151K [0x44a50000, 0x45650000, 0x48a50000)
   the space 12288K,  50% used [0x44a50000, 0x45051d20, 0x45051e00, 0x45650000)
GC Heap History (10 events):
Event: 9.416 GC heap before
{Heap before GC invocations=8 (full 1):
 def new generation   total 109568K, used 109568K [0x04a50000, 0x0c130000, 0x19fa0000)
  eden space 97408K, 100% used [0x04a50000, 0x0a970000, 0x0a970000)
  from space 12160K, 100% used [0x0b550000, 0x0c130000, 0x0c130000)
  to   space 12160K,   0% used [0x0a970000, 0x0a970000, 0x0b550000)
 tenured generation   total 243428K, used 173549K [0x19fa0000, 0x28d59000, 0x44a50000)
   the space 243428K,  71% used [0x19fa0000, 0x2491b598, 0x2491b600, 0x28d59000)
 compacting perm gen  total 12288K, used 6096K [0x44a50000, 0x45650000, 0x48a50000)
   the space 12288K,  49% used [0x44a50000, 0x450440c0, 0x45044200, 0x45650000)
No shared spaces configured.
Event: 9.432 GC heap after
Heap after GC invocations=9 (full 1):
 def new generation   total 109568K, used 12160K [0x04a50000, 0x0c130000, 0x19fa0000)
  eden space 97408K,   0% used [0x04a50000, 0x04a50000, 0x0a970000)
  from space 12160K, 100% used [0x0a970000, 0x0b550000, 0x0b550000)
  to   space 12160K,   0% used [0x0b550000, 0x0b550000, 0x0c130000)
 tenured generation   total 243428K, used 223753K [0x19fa0000, 0x28d59000, 0x44a50000)
   the space 243428K,  91% used [0x19fa0000, 0x27a225d8, 0x27a22600, 0x28d59000)
 compacting perm gen  total 12288K, used 6096K [0x44a50000, 0x45650000, 0x48a50000)
   the space 12288K,  49% used [0x44a50000, 0x450440c0, 0x45044200, 0x45650000)
No shared spaces configured.
}
Event: 10.626 GC heap before
{Heap before GC invocations=9 (full 1):
 def new generation   total 109568K, used 102989K [0x04a50000, 0x0c130000, 0x19fa0000)
  eden space 97408K,  93% used [0x04a50000, 0x0a3035e8, 0x0a970000)
  from space 12160K, 100% used [0x0a970000, 0x0b550000, 0x0b550000)
  to   space 12160K,   0% used [0x0b550000, 0x0b550000, 0x0c130000)
 tenured generation   total 243428K, used 223753K [0x19fa0000, 0x28d59000, 0x44a50000)
   the space 243428K,  91% used [0x19fa0000, 0x27a225d8, 0x27a22600, 0x28d59000)
 compacting perm gen  total 12288K, used 6151K [0x44a50000, 0x45650000, 0x48a50000)
   the space 12288K,  50% used [0x44a50000, 0x45051ca0, 0x45051e00, 0x45650000)
No shared spaces configured.
Event: 10.656 GC heap after
Heap after GC invocations=10 (full 2):
 def new generation   total 195776K, used 12129K [0x04a50000, 0x11eb0000, 0x19fa0000)
  eden space 174080K,   6% used [0x04a50000, 0x05628788, 0x0f450000)
  from space 21696K,   0% used [0x0f450000, 0x0f450000, 0x10980000)
  to   space 21696K,   0% used [0x10980000, 0x10980000, 0x11eb0000)
 tenured generation   total 434796K, used 260875K [0x19fa0000, 0x3483b000, 0x44a50000)
   the space 434796K,  59% used [0x19fa0000, 0x29e62fc8, 0x29e63000, 0x3483b000)
 compacting perm gen  total 12288K, used 6151K [0x44a50000, 0x45650000, 0x48a50000)
   the space 12288K,  50% used [0x44a50000, 0x45051ca0, 0x45051e00, 0x45650000)
No shared spaces configured.
}
Event: 12.432 GC heap before
{Heap before GC invocations=10 (full 2):
 def new generation   total 195776K, used 174080K [0x04a50000, 0x11eb0000, 0x19fa0000)
  eden space 174080K, 100% used [0x04a50000, 0x0f450000, 0x0f450000)
  from space 21696K,   0% used [0x0f450000, 0x0f450000, 0x10980000)
  to   space 21696K,   0% used [0x10980000, 0x10980000, 0x11eb0000)
 tenured generation   total 434796K, used 260875K [0x19fa0000, 0x3483b000, 0x44a50000)
   the space 434796K,  59% used [0x19fa0000, 0x29e62fc8, 0x29e63000, 0x3483b000)
 compacting perm gen  total 12288K, used 6151K [0x44a50000, 0x45650000, 0x48a50000)
   the space 12288K,  50% used [0x44a50000, 0x45051cc0, 0x45051e00, 0x45650000)
No shared spaces configured.
Event: 12.464 GC heap after
Heap after GC invocations=11 (full 2):
 def new generation   total 195776K, used 21696K [0x04a50000, 0x11eb0000, 0x19fa0000)
  eden space 174080K,   0% used [0x04a50000, 0x04a50000, 0x0f450000)
  from space 21696K, 100% used [0x10980000, 0x11eb0000, 0x11eb0000)
  to   space 21696K,   0% used [0x0f450000, 0x0f450000, 0x10980000)
 tenured generation   total 434796K, used 332435K [0x19fa0000, 0x3483b000, 0x44a50000)
   the space 434796K,  76% used [0x19fa0000, 0x2e444e08, 0x2e445000, 0x3483b000)
 compacting perm gen  total 12288K, used 6151K [0x44a50000, 0x45650000, 0x48a50000)
   the space 12288K,  50% used [0x44a50000, 0x45051cc0, 0x45051e00, 0x45650000)
No shared spaces configured.
}
Event: 14.805 GC heap before
{Heap before GC invocations=11 (full 2):
 def new generation   total 195776K, used 195776K [0x04a50000, 0x11eb0000, 0x19fa0000)
  eden space 174080K, 100% used [0x04a50000, 0x0f450000, 0x0f450000)
  from space 21696K, 100% used [0x10980000, 0x11eb0000, 0x11eb0000)
  to   space 21696K,   0% used [0x0f450000, 0x0f450000, 0x10980000)
 tenured generation   total 434796K, used 332435K [0x19fa0000, 0x3483b000, 0x44a50000)
   the space 434796K,  76% used [0x19fa0000, 0x2e444fa8, 0x2e445000, 0x3483b000)
 compacting perm gen  total 12288K, used 6151K [0x44a50000, 0x45650000, 0x48a50000)
   the space 12288K,  50% used [0x44a50000, 0x45051cf0, 0x45051e00, 0x45650000)
No shared spaces configured.
Event: 14.837 GC heap after
Heap after GC invocations=12 (full 2):
 def new generation   total 195776K, used 21696K [0x04a50000, 0x11eb0000, 0x19fa0000)
  eden space 174080K,   0% used [0x04a50000, 0x04a50000, 0x0f450000)
  from space 21696K, 100% used [0x0f450000, 0x10980000, 0x10980000)
  to   space 21696K,   0% used [0x10980000, 0x10980000, 0x11eb0000)
 tenured generation   total 434796K, used 403069K [0x19fa0000, 0x3483b000, 0x44a50000)
   the space 434796K,  92% used [0x19fa0000, 0x3293f678, 0x3293f800, 0x3483b000)
 compacting perm gen  total 12288K, used 6151K [0x44a50000, 0x45650000, 0x48a50000)
   the space 12288K,  50% used [0x44a50000, 0x45051cf0, 0x45051e00, 0x45650000)
No shared spaces configured.
}
Event: 17.558 GC heap before
{Heap before GC invocations=12 (full 2):
 def new generation   total 195776K, used 195776K [0x04a50000, 0x11eb0000, 0x19fa0000)
  eden space 174080K, 100% used [0x04a50000, 0x0f450000, 0x0f450000)
  from space 21696K, 100% used [0x0f450000, 0x10980000, 0x10980000)
  to   space 21696K,   0% used [0x10980000, 0x10980000, 0x11eb0000)
 tenured generation   total 434796K, used 403069K [0x19fa0000, 0x3483b000, 0x44a50000)
   the space 434796K,  92% used [0x19fa0000, 0x3293f678, 0x3293f800, 0x3483b000)
 compacting perm gen  total 12288K, used 6151K [0x44a50000, 0x45650000, 0x48a50000)
   the space 12288K,  50% used [0x44a50000, 0x45051d20, 0x45051e00, 0x45650000)
No shared spaces configured.
Event: 17.607 GC heap after
Heap after GC invocations=13 (full 3):
 def new generation   total 314560K, used 21695K [0x04a50000, 0x19fa0000, 0x19fa0000)
  eden space 279616K,   7% used [0x04a50000, 0x05f7fee8, 0x15b60000)
  from space 34944K,   0% used [0x15b60000, 0x15b60000, 0x17d80000)
  to   space 34944K,   0% used [0x17d80000, 0x17d80000, 0x19fa0000)
 tenured generation   total 699072K, used 474473K [0x19fa0000, 0x44a50000, 0x44a50000)
   the space 699072K,  67% used [0x19fa0000, 0x36efa540, 0x36efa600, 0x44a50000)
 compacting perm gen  total 12288K, used 6151K [0x44a50000, 0x45650000, 0x48a50000)
   the space 12288K,  50% used [0x44a50000, 0x45051d20, 0x45051e00, 0x45650000)
No shared spaces configured.
}

